<?xml version="1.0" encoding="UTF-8" ?>
<testsuite tests="1" failures="0" name="com.cjh.AppTest" time="0.001" errors="0" skipped="0">
  <properties>
    <property name="idea.version" value="2022.1.4"/>
    <property name="java.runtime.name" value="Java(TM) SE Runtime Environment"/>
    <property name="sun.boot.library.path" value="D:\Program\Java\jdk1.8.0_321\jre\bin"/>
    <property name="java.vm.version" value="25.321-b07"/>
    <property name="maven.wagon.http.ssl.insecure" value="true"/>
    <property name="java.vm.vendor" value="Oracle Corporation"/>
    <property name="maven.multiModuleProjectDirectory" value="H:\MyProjects\myLearn"/>
    <property name="java.vendor.url" value="http://java.oracle.com/"/>
    <property name="path.separator" value=";"/>
    <property name="guice.disable.misplaced.annotation.check" value="true"/>
    <property name="java.vm.name" value="Java HotSpot(TM) 64-Bit Server VM"/>
    <property name="file.encoding.pkg" value="sun.io"/>
    <property name="user.script" value=""/>
    <property name="user.country" value="CN"/>
    <property name="sun.java.launcher" value="SUN_STANDARD"/>
    <property name="sun.os.patch.level" value=""/>
    <property name="java.vm.specification.name" value="Java Virtual Machine Specification"/>
    <property name="user.dir" value="H:\MyProjects\myLearn"/>
    <property name="java.runtime.version" value="1.8.0_321-b07"/>
    <property name="java.awt.graphicsenv" value="sun.awt.Win32GraphicsEnvironment"/>
    <property name="java.endorsed.dirs" value="D:\Program\Java\jdk1.8.0_321\jre\lib\endorsed"/>
    <property name="os.arch" value="amd64"/>
    <property name="java.io.tmpdir" value="C:\Users\Junhao\AppData\Local\Temp\"/>
    <property name="line.separator" value="
"/>
    <property name="java.vm.specification.vendor" value="Oracle Corporation"/>
    <property name="user.variant" value=""/>
    <property name="os.name" value="Windows 10"/>
    <property name="maven.ext.class.path" value="D:\Program\JetBrains\IntelliJ IDEA 2022.1.2\plugins\maven\lib\maven-event-listener.jar"/>
    <property name="classworlds.conf" value="D:\Program\apache-maven-3.8.4\bin\m2.conf"/>
    <property name="sun.jnu.encoding" value="GBK"/>
    <property name="java.library.path" value="D:\Program\Java\jdk1.8.0_321\bin;C:\Windows\Sun\Java\bin;C:\Windows\system32;C:\Windows;C:\Program Files\NVIDIA GPU Computing Toolkit\CUDA\v11.0\bin;C:\Program Files\NVIDIA GPU Computing Toolkit\CUDA\v11.0\libnvvp;C:\Program Files (x86)\Common Files\Oracle\Java\javapath;D:\Program\VMware\VMware Workstation\bin\;D:\Program\Java\jdk1.8.0_321\bin;D:\Program\Java\jdk1.8.0_321\jre\bin;D:\Program\Python\Python310\Scripts\;D:\Program\Python\Python310\;C:\Windows\system32;C:\Windows;C:\Windows\System32\Wbem;C:\Windows\System32\WindowsPowerShell\v1.0\;C:\Windows\System32\OpenSSH\;C:\Program Files (x86)\NVIDIA Corporation\PhysX\Common;C:\Program Files\NVIDIA Corporation\NVIDIA NvDLISR;D:\Program\apache-maven-3.8.4\bin\;D:\Program\nodejs\node_global;D:\Program\Anaconda3;D:\Program\Anaconda3\Scripts;D:\Program\Anaconda3\Library\bin;D:\Program\nodejs14\;D:\Program\mysql-8.0.16-winx64\bin;D:\Program\Xshell 7\;D:\Program\Xftp 7\;D:\Program\Git\cmd;D:\Program\redis;C:\Program Files\NVIDIA Corporation\Nsight Compute 2020.1.2\;C:\Program Files\NVIDIA GPU Computing Toolkit\CUDA\v11.0\bin;C:\Program Files\NVIDIA GPU Computing Toolkit\CUDA\v11.0\lib\x64;%CUDA_SDK_PATH%\bin\win64;%CUDA_SDK_PATH%\common\lib\x64;D:\Program\nvm\yarn;C:\Users\Junhao\AppData\Local\Microsoft\WindowsApps;D:\Program\JetBrains\PyCharm 2021.3.2\bin;;D:\Program\Microsoft VS Code\bin;D:\Program\nodejs14\node_global;C:\Users\Junhao\AppData\Roaming\npm;D:\Program\JetBrains\IntelliJ IDEA 2022.1.2\bin;;D:\Program\nvm\yarn;;."/>
    <property name="maven.conf" value="D:\Program\apache-maven-3.8.4/conf"/>
    <property name="java.specification.name" value="Java Platform API Specification"/>
    <property name="java.class.version" value="52.0"/>
    <property name="sun.management.compiler" value="HotSpot 64-Bit Tiered Compilers"/>
    <property name="maven.repo.local" value="D:\Program\apache-maven-3.8.4\repository"/>
    <property name="os.version" value="10.0"/>
    <property name="maven.wagon.http.ssl.allowall" value="true"/>
    <property name="user.home" value="C:\Users\Junhao"/>
    <property name="user.timezone" value="Asia/Shanghai"/>
    <property name="java.awt.printerjob" value="sun.awt.windows.WPrinterJob"/>
    <property name="java.specification.version" value="1.8"/>
    <property name="file.encoding" value="UTF-8"/>
    <property name="user.name" value="Junhao"/>
    <property name="java.class.path" value="D:\Program\apache-maven-3.8.4\boot\plexus-classworlds-2.6.0.jar;D:\Program\apache-maven-3.8.4\boot\plexus-classworlds.license"/>
    <property name="java.vm.specification.version" value="1.8"/>
    <property name="sun.arch.data.model" value="64"/>
    <property name="java.home" value="D:\Program\Java\jdk1.8.0_321\jre"/>
    <property name="sun.java.command" value="org.codehaus.classworlds.Launcher -Didea.version=2022.1.4 -s D:\Program\apache-maven-3.8.4\conf\settings-anga.xml -Dmaven.repo.local=D:\Program\apache-maven-3.8.4\repository install --non-recursive"/>
    <property name="java.specification.vendor" value="Oracle Corporation"/>
    <property name="user.language" value="zh"/>
    <property name="awt.toolkit" value="sun.awt.windows.WToolkit"/>
    <property name="java.vm.info" value="mixed mode"/>
    <property name="java.version" value="1.8.0_321"/>
    <property name="java.ext.dirs" value="D:\Program\Java\jdk1.8.0_321\jre\lib\ext;C:\Windows\Sun\Java\lib\ext"/>
    <property name="sun.boot.class.path" value="D:\Program\Java\jdk1.8.0_321\jre\lib\resources.jar;D:\Program\Java\jdk1.8.0_321\jre\lib\rt.jar;D:\Program\Java\jdk1.8.0_321\jre\lib\sunrsasign.jar;D:\Program\Java\jdk1.8.0_321\jre\lib\jsse.jar;D:\Program\Java\jdk1.8.0_321\jre\lib\jce.jar;D:\Program\Java\jdk1.8.0_321\jre\lib\charsets.jar;D:\Program\Java\jdk1.8.0_321\jre\lib\jfr.jar;D:\Program\Java\jdk1.8.0_321\jre\classes"/>
    <property name="java.vendor" value="Oracle Corporation"/>
    <property name="maven.home" value="D:\Program\apache-maven-3.8.4"/>
    <property name="file.separator" value="\"/>
    <property name="java.vendor.url.bug" value="http://bugreport.sun.com/bugreport/"/>
    <property name="sun.cpu.endian" value="little"/>
    <property name="sun.io.unicode.encoding" value="UnicodeLittle"/>
    <property name="sun.desktop" value="windows"/>
    <property name="sun.cpu.isalist" value="amd64"/>
  </properties>
  <testcase classname="com.cjh.AppTest" name="shouldAnswerWithTrue" time="0.001"/>
</testsuite>